# JRE version: Java(TM) SE Runtime Environment (8.0_25-b17) (build 1.8.0_25-b17)
# Java VM: Java HotSpot(TM) 64-Bit Server VM (25.25-b02 mixed mode bsd-amd64 compressed oops)
Heap:
 PSYoungGen      total 76288K, used 44506K [0x000000076ab00000, 0x0000000770000000, 0x00000007c0000000)
  eden space 65536K, 65% used [0x000000076ab00000,0x000000076d4d6af0,0x000000076eb00000)
  from space 10752K, 15% used [0x000000076eb00000,0x000000076eca0000,0x000000076f580000)
  to   space 10752K, 0% used [0x000000076f580000,0x000000076f580000,0x0000000770000000)
 ParOldGen       total 80896K, used 10817K [0x00000006c0000000, 0x00000006c4f00000, 0x000000076ab00000)
  object space 80896K, 13% used [0x00000006c0000000,0x00000006c0a90430,0x00000006c4f00000)
 Metaspace       used 22650K, capacity 24020K, committed 24320K, reserved 1071104K
  class space    used 2974K, capacity 3237K, committed 3328K, reserved 1048576K
GC Heap History (8 events):
Event: 9.897 GC heap before
{Heap before GC invocations=1 (full 0):
 PSYoungGen      total 76288K, used 64433K [0x000000076ab00000, 0x0000000770000000, 0x00000007c0000000)
  eden space 65536K, 98% used [0x000000076ab00000,0x000000076e9ec5d8,0x000000076eb00000)
  from space 10752K, 0% used [0x000000076f580000,0x000000076f580000,0x0000000770000000)
  to   space 10752K, 0% used [0x000000076eb00000,0x000000076eb00000,0x000000076f580000)
 ParOldGen       total 175104K, used 0K [0x00000006c0000000, 0x00000006cab00000, 0x000000076ab00000)
  object space 175104K, 0% used [0x00000006c0000000,0x00000006c0000000,0x00000006cab00000)
 Metaspace       used 18644K, capacity 19644K, committed 19840K, reserved 1067008K
  class space    used 2656K, capacity 2869K, committed 2944K, reserved 1048576K
Event: 9.904 GC heap after
Heap after GC invocations=1 (full 0):
 PSYoungGen      total 76288K, used 7061K [0x000000076ab00000, 0x0000000770000000, 0x00000007c0000000)
  eden space 65536K, 0% used [0x000000076ab00000,0x000000076ab00000,0x000000076eb00000)
  from space 10752K, 65% used [0x000000076eb00000,0x000000076f1e5550,0x000000076f580000)
  to   space 10752K, 0% used [0x000000076f580000,0x000000076f580000,0x0000000770000000)
 ParOldGen       total 175104K, used 96K [0x00000006c0000000, 0x00000006cab00000, 0x000000076ab00000)
  object space 175104K, 0% used [0x00000006c0000000,0x00000006c0018010,0x00000006cab00000)
 Metaspace       used 18644K, capacity 19644K, committed 19840K, reserved 1067008K
  class space    used 2656K, capacity 2869K, committed 2944K, reserved 1048576K
}
Event: 78.941 GC heap before
{Heap before GC invocations=2 (full 0):
 PSYoungGen      total 76288K, used 46604K [0x000000076ab00000, 0x0000000770000000, 0x00000007c0000000)
  eden space 65536K, 60% used [0x000000076ab00000,0x000000076d19dce0,0x000000076eb00000)
  from space 10752K, 65% used [0x000000076eb00000,0x000000076f1e5550,0x000000076f580000)
  to   space 10752K, 0% used [0x000000076f580000,0x000000076f580000,0x0000000770000000)
 ParOldGen       total 175104K, used 96K [0x00000006c0000000, 0x00000006cab00000, 0x000000076ab00000)
  object space 175104K, 0% used [0x00000006c0000000,0x00000006c0018010,0x00000006cab00000)
 Metaspace       used 20211K, capacity 21242K, committed 21296K, reserved 1067008K
  class space    used 2724K, capacity 2934K, committed 2944K, reserved 1048576K
Event: 78.953 GC heap after
Heap after GC invocations=2 (full 0):
 PSYoungGen      total 76288K, used 10729K [0x000000076ab00000, 0x0000000770000000, 0x00000007c0000000)
  eden space 65536K, 0% used [0x000000076ab00000,0x000000076ab00000,0x000000076eb00000)
  from space 10752K, 99% used [0x000000076f580000,0x000000076fffa478,0x0000000770000000)
  to   space 10752K, 0% used [0x000000076eb00000,0x000000076eb00000,0x000000076f580000)
 ParOldGen       total 175104K, used 3724K [0x00000006c0000000, 0x00000006cab00000, 0x000000076ab00000)
  object space 175104K, 2% used [0x00000006c0000000,0x00000006c03a3020,0x00000006cab00000)
 Metaspace       used 20211K, capacity 21242K, committed 21296K, reserved 1067008K
  class space    used 2724K, capacity 2934K, committed 2944K, reserved 1048576K
}
Event: 78.953 GC heap before
{Heap before GC invocations=3 (full 1):
 PSYoungGen      total 76288K, used 10729K [0x000000076ab00000, 0x0000000770000000, 0x00000007c0000000)
  eden space 65536K, 0% used [0x000000076ab00000,0x000000076ab00000,0x000000076eb00000)
  from space 10752K, 99% used [0x000000076f580000,0x000000076fffa478,0x0000000770000000)
  to   space 10752K, 0% used [0x000000076eb00000,0x000000076eb00000,0x000000076f580000)
 ParOldGen       total 175104K, used 3724K [0x00000006c0000000, 0x00000006cab00000, 0x000000076ab00000)
  object space 175104K, 2% used [0x00000006c0000000,0x00000006c03a3020,0x00000006cab00000)
 Metaspace       used 20211K, capacity 21242K, committed 21296K, reserved 1067008K
  class space    used 2724K, capacity 2934K, committed 2944K, reserved 1048576K
Event: 78.993 GC heap after
Heap after GC invocations=3 (full 1):
 PSYoungGen      total 76288K, used 0K [0x000000076ab00000, 0x0000000770000000, 0x00000007c0000000)
  eden space 65536K, 0% used [0x000000076ab00000,0x000000076ab00000,0x000000076eb00000)
  from space 10752K, 0% used [0x000000076f580000,0x000000076f580000,0x0000000770000000)
  to   space 10752K, 0% used [0x000000076eb00000,0x000000076eb00000,0x000000076f580000)
 ParOldGen       total 80896K, used 10809K [0x00000006c0000000, 0x00000006c4f00000, 0x000000076ab00000)
  object space 80896K, 13% used [0x00000006c0000000,0x00000006c0a8e430,0x00000006c4f00000)
 Metaspace       used 20210K, capacity 21240K, committed 21296K, reserved 1067008K
  class space    used 2723K, capacity 2933K, committed 2944K, reserved 1048576K
}
Event: 192.820 GC heap before
{Heap before GC invocations=4 (full 1):
 PSYoungGen      total 76288K, used 65536K [0x000000076ab00000, 0x0000000770000000, 0x00000007c0000000)
  eden space 65536K, 100% used [0x000000076ab00000,0x000000076eb00000,0x000000076eb00000)
  from space 10752K, 0% used [0x000000076f580000,0x000000076f580000,0x0000000770000000)
  to   space 10752K, 0% used [0x000000076eb00000,0x000000076eb00000,0x000000076f580000)
 ParOldGen       total 80896K, used 10809K [0x00000006c0000000, 0x00000006c4f00000, 0x000000076ab00000)
  object space 80896K, 13% used [0x00000006c0000000,0x00000006c0a8e430,0x00000006c4f00000)
 Metaspace       used 22388K, capacity 23718K, committed 24064K, reserved 1071104K
  class space    used 2961K, capacity 3218K, committed 3328K, reserved 1048576K
Event: 192.822 GC heap after
Heap after GC invocations=4 (full 1):
 PSYoungGen      total 76288K, used 1664K [0x000000076ab00000, 0x0000000770000000, 0x00000007c0000000)
  eden space 65536K, 0% used [0x000000076ab00000,0x000000076ab00000,0x000000076eb00000)
  from space 10752K, 15% used [0x000000076eb00000,0x000000076eca0000,0x000000076f580000)
  to   space 10752K, 0% used [0x000000076f580000,0x000000076f580000,0x0000000770000000)
 ParOldGen       total 80896K, used 10817K [0x00000006c0000000, 0x00000006c4f00000, 0x000000076ab00000)
  object space 80896K, 13% used [0x00000006c0000000,0x00000006c0a90430,0x00000006c4f00000)
 Metaspace       used 22388K, capacity 23718K, committed 24064K, reserved 1071104K
  class space    used 2961K, capacity 3218K, committed 3328K, reserved 1048576K
}

